<?xml version="1.0" encoding="UTF-8"?>
<!-- Generated by org.testng.reporters.JUnitReportReporter -->
<testsuite skipped="0" hostname="DESKTOP-3KJDLVJ" name="testsuits.LoginTest" tests="2" failures="0" timestamp="03 Jul 2018 08:56:22 GMT" time="41.643" errors="0">
  <testcase name="getTextPopup" time="10.988" classname="testsuits.LoginTest"/>
  <testcase name="loginAdmin" time="30.655" classname="testsuits.LoginTest"/>
</testsuite> <!-- testsuits.LoginTest -->
