<?xml version="1.0" encoding="UTF-8"?>
<!-- Generated by org.testng.reporters.JUnitReportReporter -->
<testsuite skipped="0" hostname="DESKTOP-3KJDLVJ" name="selenium.operators.com.SendKeys" tests="1" failures="0" timestamp="01 Jun 2018 05:30:58 GMT" time="8.448" errors="0">
  <testcase name="loginAdmin" time="8.448" classname="selenium.operators.com.SendKeys"/>
</testsuite> <!-- selenium.operators.com.SendKeys -->
