<?xml version="1.0" encoding="UTF-8"?>
<!-- Generated by org.testng.reporters.JUnitReportReporter -->
<testsuite skipped="0" hostname="DESKTOP-3KJDLVJ" name="testsuits.UserSearch1" tests="1" failures="0" timestamp="12 Jun 2018 15:04:57 GMT" time="33.462" errors="0">
  <testcase name="loginAdmin" time="33.462" classname="testsuits.UserSearch1"/>
</testsuite> <!-- testsuits.UserSearch1 -->
