<?xml version="1.0" encoding="UTF-8"?>
<!-- Generated by org.testng.reporters.JUnitReportReporter -->
<testsuite skipped="0" hostname="DESKTOP-3KJDLVJ" name="testsuits.MoreTest" tests="1" failures="0" timestamp="30 May 2018 13:57:59 GMT" time="0.030" errors="0">
  <testcase name="morePage" time="0.030" classname="testsuits.MoreTest"/>
</testsuite> <!-- testsuits.MoreTest -->
